# JRE version: Java(TM) SE Runtime Environment (8.0_101-b13) (build 1.8.0_101-b13)
# Java VM: Java HotSpot(TM) 64-Bit Server VM (25.101-b13 mixed mode windows-amd64 compressed oops)
Heap:
 PSYoungGen      total 71680K, used 36616K [0x00000000d5f80000, 0x00000000ddd80000, 0x0000000100000000)
  eden space 66560K, 55% used [0x00000000d5f80000,0x00000000d8342220,0x00000000da080000)
  from space 5120K, 0% used [0x00000000dd880000,0x00000000dd880000,0x00000000ddd80000)
  to   space 5120K, 0% used [0x00000000da080000,0x00000000da080000,0x00000000da580000)
 ParOldGen       total 126976K, used 94515K [0x0000000081e00000, 0x0000000089a00000, 0x00000000d5f80000)
  object space 126976K, 74% used [0x0000000081e00000,0x0000000087a4cf78,0x0000000089a00000)
 Metaspace       used 13411K, capacity 13628K, committed 13824K, reserved 1060864K
  class space    used 1666K, capacity 1742K, committed 1792K, reserved 1048576K
GC Heap History (10 events):
Event: 5.552 GC heap before
{Heap before GC invocations=4 (full 1):
 PSYoungGen      total 71680K, used 56519K [0x00000000d5f80000, 0x00000000daa80000, 0x0000000100000000)
  eden space 66560K, 84% used [0x00000000d5f80000,0x00000000d96b1d90,0x00000000da080000)
  from space 5120K, 0% used [0x00000000da580000,0x00000000da580000,0x00000000daa80000)
  to   space 5120K, 0% used [0x00000000da080000,0x00000000da080000,0x00000000da580000)
 ParOldGen       total 115712K, used 29682K [0x0000000081e00000, 0x0000000088f00000, 0x00000000d5f80000)
  object space 115712K, 25% used [0x0000000081e00000,0x0000000083afca28,0x0000000088f00000)
 Metaspace       used 13089K, capacity 13308K, committed 13568K, reserved 1060864K
  class space    used 1660K, capacity 1742K, committed 1792K, reserved 1048576K
Event: 5.564 GC heap after
Heap after GC invocations=4 (full 1):
 PSYoungGen      total 71680K, used 4960K [0x00000000d5f80000, 0x00000000ddd80000, 0x0000000100000000)
  eden space 66560K, 0% used [0x00000000d5f80000,0x00000000d5f80000,0x00000000da080000)
  from space 5120K, 96% used [0x00000000da080000,0x00000000da558010,0x00000000da580000)
  to   space 5120K, 0% used [0x00000000dd880000,0x00000000dd880000,0x00000000ddd80000)
 ParOldGen       total 115712K, used 71588K [0x0000000081e00000, 0x0000000088f00000, 0x00000000d5f80000)
  object space 115712K, 61% used [0x0000000081e00000,0x00000000863e92b0,0x0000000088f00000)
 Metaspace       used 13089K, capacity 13308K, committed 13568K, reserved 1060864K
  class space    used 1660K, capacity 1742K, committed 1792K, reserved 1048576K
}
Event: 5.564 GC heap before
{Heap before GC invocations=5 (full 2):
 PSYoungGen      total 71680K, used 4960K [0x00000000d5f80000, 0x00000000ddd80000, 0x0000000100000000)
  eden space 66560K, 0% used [0x00000000d5f80000,0x00000000d5f80000,0x00000000da080000)
  from space 5120K, 96% used [0x00000000da080000,0x00000000da558010,0x00000000da580000)
  to   space 5120K, 0% used [0x00000000dd880000,0x00000000dd880000,0x00000000ddd80000)
 ParOldGen       total 115712K, used 71588K [0x0000000081e00000, 0x0000000088f00000, 0x00000000d5f80000)
  object space 115712K, 61% used [0x0000000081e00000,0x00000000863e92b0,0x0000000088f00000)
 Metaspace       used 13089K, capacity 13308K, committed 13568K, reserved 1060864K
  class space    used 1660K, capacity 1742K, committed 1792K, reserved 1048576K
Event: 5.583 GC heap after
Heap after GC invocations=5 (full 2):
 PSYoungGen      total 71680K, used 0K [0x00000000d5f80000, 0x00000000ddd80000, 0x0000000100000000)
  eden space 66560K, 0% used [0x00000000d5f80000,0x00000000d5f80000,0x00000000da080000)
  from space 5120K, 0% used [0x00000000da080000,0x00000000da080000,0x00000000da580000)
  to   space 5120K, 0% used [0x00000000dd880000,0x00000000dd880000,0x00000000ddd80000)
 ParOldGen       total 115712K, used 49846K [0x0000000081e00000, 0x0000000088f00000, 0x00000000d5f80000)
  object space 115712K, 43% used [0x0000000081e00000,0x0000000084ead868,0x0000000088f00000)
 Metaspace       used 13089K, capacity 13308K, committed 13568K, reserved 1060864K
  class space    used 1660K, capacity 1742K, committed 1792K, reserved 1048576K
}
Event: 5.867 GC heap before
{Heap before GC invocations=6 (full 2):
 PSYoungGen      total 71680K, used 66560K [0x00000000d5f80000, 0x00000000ddd80000, 0x0000000100000000)
  eden space 66560K, 100% used [0x00000000d5f80000,0x00000000da080000,0x00000000da080000)
  from space 5120K, 0% used [0x00000000da080000,0x00000000da080000,0x00000000da580000)
  to   space 5120K, 0% used [0x00000000dd880000,0x00000000dd880000,0x00000000ddd80000)
 ParOldGen       total 115712K, used 49846K [0x0000000081e00000, 0x0000000088f00000, 0x00000000d5f80000)
  object space 115712K, 43% used [0x0000000081e00000,0x0000000084ead868,0x0000000088f00000)
 Metaspace       used 13099K, capacity 13308K, committed 13568K, reserved 1060864K
  class space    used 1660K, capacity 1742K, committed 1792K, reserved 1048576K
Event: 5.894 GC heap after
Heap after GC invocations=6 (full 2):
 PSYoungGen      total 71680K, used 224K [0x00000000d5f80000, 0x00000000ddd80000, 0x0000000100000000)
  eden space 66560K, 0% used [0x00000000d5f80000,0x00000000d5f80000,0x00000000da080000)
  from space 5120K, 4% used [0x00000000dd880000,0x00000000dd8b8000,0x00000000ddd80000)
  to   space 5120K, 0% used [0x00000000da080000,0x00000000da080000,0x00000000da580000)
 ParOldGen       total 126976K, used 117266K [0x0000000081e00000, 0x0000000089a00000, 0x00000000d5f80000)
  object space 126976K, 92% used [0x0000000081e00000,0x0000000089084938,0x0000000089a00000)
 Metaspace       used 13099K, capacity 13308K, committed 13568K, reserved 1060864K
  class space    used 1660K, capacity 1742K, committed 1792K, reserved 1048576K
}
Event: 5.894 GC heap before
{Heap before GC invocations=7 (full 3):
 PSYoungGen      total 71680K, used 224K [0x00000000d5f80000, 0x00000000ddd80000, 0x0000000100000000)
  eden space 66560K, 0% used [0x00000000d5f80000,0x00000000d5f80000,0x00000000da080000)
  from space 5120K, 4% used [0x00000000dd880000,0x00000000dd8b8000,0x00000000ddd80000)
  to   space 5120K, 0% used [0x00000000da080000,0x00000000da080000,0x00000000da580000)
 ParOldGen       total 126976K, used 117266K [0x0000000081e00000, 0x0000000089a00000, 0x00000000d5f80000)
  object space 126976K, 92% used [0x0000000081e00000,0x0000000089084938,0x0000000089a00000)
 Metaspace       used 13099K, capacity 13308K, committed 13568K, reserved 1060864K
  class space    used 1660K, capacity 1742K, committed 1792K, reserved 1048576K
Event: 5.939 GC heap after
Heap after GC invocations=7 (full 3):
 PSYoungGen      total 71680K, used 0K [0x00000000d5f80000, 0x00000000ddd80000, 0x0000000100000000)
  eden space 66560K, 0% used [0x00000000d5f80000,0x00000000d5f80000,0x00000000da080000)
  from space 5120K, 0% used [0x00000000dd880000,0x00000000dd880000,0x00000000ddd80000)
  to   space 5120K, 0% used [0x00000000da080000,0x00000000da080000,0x00000000da580000)
 ParOldGen       total 126976K, used 72055K [0x0000000081e00000, 0x0000000089a00000, 0x00000000d5f80000)
  object space 126976K, 56% used [0x0000000081e00000,0x000000008645dd88,0x0000000089a00000)
 Metaspace       used 13099K, capacity 13308K, committed 13568K, reserved 1060864K
  class space    used 1660K, capacity 1742K, committed 1792K, reserved 1048576K
}
Event: 6.363 GC heap before
{Heap before GC invocations=8 (full 4):
 PSYoungGen      total 71680K, used 66226K [0x00000000d5f80000, 0x00000000ddd80000, 0x0000000100000000)
  eden space 66560K, 99% used [0x00000000d5f80000,0x00000000da02cb00,0x00000000da080000)
  from space 5120K, 0% used [0x00000000dd880000,0x00000000dd880000,0x00000000ddd80000)
  to   space 5120K, 0% used [0x00000000da080000,0x00000000da080000,0x00000000da580000)
 ParOldGen       total 126976K, used 72055K [0x0000000081e00000, 0x0000000089a00000, 0x00000000d5f80000)
  object space 126976K, 56% used [0x0000000081e00000,0x000000008645dd88,0x0000000089a00000)
 Metaspace       used 13109K, capacity 13372K, committed 13568K, reserved 1060864K
  class space    used 1661K, capacity 1742K, committed 1792K, reserved 1048576K
Event: 6.378 GC heap after
Heap after GC invocations=8 (full 4):
 PSYoungGen      total 71680K, used 0K [0x00000000d5f80000, 0x00000000ddd80000, 0x0000000100000000)
  eden space 66560K, 0% used [0x00000000d5f80000,0x00000000d5f80000,0x00000000da080000)
  from space 5120K, 0% used [0x00000000dd880000,0x00000000dd880000,0x00000000ddd80000)
  to   space 5120K, 0% used [0x00000000da080000,0x00000000da080000,0x00000000da580000)
 ParOldGen       total 126976K, used 94515K [0x0000000081e00000, 0x0000000089a00000, 0x00000000d5f80000)
  object space 126976K, 74% used [0x0000000081e00000,0x0000000087a4cf78,0x0000000089a00000)
 Metaspace       used 13109K, capacity 13372K, committed 13568K, reserved 1060864K
  class space    used 1661K, capacity 1742K, committed 1792K, reserved 1048576K
}

